[
  {
    "line": 1,
    "elements": [
      {
        "line": 22,
        "name": "Free CRM3 Login Test Scenario",
        "description": "",
        "id": "free-crm2-login-feature;free-crm3-login-test-scenario;;2",
        "type": "scenario",
        "keyword": "Scenario Outline",
        "steps": [
          {
            "result": {
              "duration": 11512583800,
              "status": "passed"
            },
            "line": 14,
            "name": "on login page \"webdriver.chrome.driver\" and \"C:\\Users\\luzhongk\\Selenium\\WebDriver\\chromedriver.exe\"",
            "match": {
              "arguments": [
                {
                  "val": "webdriver.chrome.driver",
                  "offset": 15
                },
                {
                  "val": "C:\\Users\\luzhongk\\Selenium\\WebDriver\\chromedriver.exe",
                  "offset": 45
                }
              ],
              "location": "LoginSteps.on_login_page(String,String)"
            },
            "matchedColumns": [
              2,
              3
            ],
            "keyword": "Given "
          },
          {
            "result": {
              "duration": 15318600,
              "status": "passed"
            },
            "line": 15,
            "name": "title of the page",
            "match": {
              "location": "LoginSteps.title_of_the_page()"
            },
            "keyword": "When "
          },
          {
            "result": {
              "duration": 87565000,
              "error_message": "org.openqa.selenium.NoSuchElementException: no such element: Unable to locate element: {\"method\":\"css selector\",\"selector\":\"*[name\u003d\u0027user_name1\u0027]\"}\n  (Session info: chrome\u003d85.0.4183.121)\nFor documentation on this error, please visit: https://www.seleniumhq.org/exceptions/no_such_element.html\nBuild info: version: \u00273.141.59\u0027, revision: \u0027e82be7d358\u0027, time: \u00272018-11-14T08:17:03\u0027\nSystem info: host: \u0027LBNL11443\u0027, ip: \u0027192.168.2.12\u0027, os.name: \u0027Windows 10\u0027, os.arch: \u0027amd64\u0027, os.version: \u002710.0\u0027, java.version: \u00271.8.0_241\u0027\nDriver info: org.openqa.selenium.chrome.ChromeDriver\nCapabilities {acceptInsecureCerts: false, browserName: chrome, browserVersion: 85.0.4183.121, chrome: {chromedriverVersion: 85.0.4183.83 (94abc2237ae0c..., userDataDir: C:\\WINDOWS\\TEMP\\scoped_dir1...}, goog:chromeOptions: {debuggerAddress: localhost:6473}, javascriptEnabled: true, networkConnectionEnabled: false, pageLoadStrategy: normal, platform: WINDOWS, platformName: WINDOWS, proxy: Proxy(), setWindowRect: true, strictFileInteractability: false, timeouts: {implicit: 0, pageLoad: 300000, script: 30000}, unhandledPromptBehavior: dismiss and notify, webauthn:virtualAuthenticators: true}\nSession ID: 1328bb779efb7ad5e75e5c0badfb9df1\n*** Element info: {Using\u003dname, value\u003duser_name1}\r\n\tat sun.reflect.NativeConstructorAccessorImpl.newInstance0(Native Method)\r\n\tat sun.reflect.NativeConstructorAccessorImpl.newInstance(NativeConstructorAccessorImpl.java:62)\r\n\tat sun.reflect.DelegatingConstructorAccessorImpl.newInstance(DelegatingConstructorAccessorImpl.java:45)\r\n\tat java.lang.reflect.Constructor.newInstance(Constructor.java:423)\r\n\tat org.openqa.selenium.remote.http.W3CHttpResponseCodec.createException(W3CHttpResponseCodec.java:187)\r\n\tat org.openqa.selenium.remote.http.W3CHttpResponseCodec.decode(W3CHttpResponseCodec.java:122)\r\n\tat org.openqa.selenium.remote.http.W3CHttpResponseCodec.decode(W3CHttpResponseCodec.java:49)\r\n\tat org.openqa.selenium.remote.HttpCommandExecutor.execute(HttpCommandExecutor.java:158)\r\n\tat org.openqa.selenium.remote.service.DriverCommandExecutor.execute(DriverCommandExecutor.java:83)\r\n\tat org.openqa.selenium.remote.RemoteWebDriver.execute(RemoteWebDriver.java:552)\r\n\tat org.openqa.selenium.remote.RemoteWebDriver.findElement(RemoteWebDriver.java:323)\r\n\tat org.openqa.selenium.remote.RemoteWebDriver.findElementByName(RemoteWebDriver.java:404)\r\n\tat org.openqa.selenium.By$ByName.findElement(By.java:284)\r\n\tat org.openqa.selenium.remote.RemoteWebDriver.findElement(RemoteWebDriver.java:315)\r\n\tat Component.Component.username(Component.java:97)\r\n\tat LoginSteps_Outline.LoginSteps.enter_username_and_password(LoginSteps.java:38)\r\n\tat ✽.Then enter \"will1\" and \"will\"(login.feature:16)\r\n",
              "status": "failed"
            },
            "line": 16,
            "name": "enter \"will1\" and \"will\"",
            "match": {
              "arguments": [
                {
                  "val": "will1",
                  "offset": 7
                },
                {
                  "val": "will",
                  "offset": 19
                }
              ],
              "location": "LoginSteps.enter_username_and_password(String,String)"
            },
            "matchedColumns": [
              0,
              1
            ],
            "keyword": "Then "
          },
          {
            "result": {
              "status": "skipped"
            },
            "line": 17,
            "name": "home page validate",
            "match": {
              "location": "LoginSteps.home_page_validate()"
            },
            "keyword": "Then "
          },
          {
            "result": {
              "status": "skipped"
            },
            "line": 18,
            "name": "logout home page",
            "match": {
              "location": "LoginSteps.logout_home_page()"
            },
            "keyword": "Then "
          }
        ]
      },
      {
        "line": 23,
        "name": "Free CRM3 Login Test Scenario",
        "description": "",
        "id": "free-crm2-login-feature;free-crm3-login-test-scenario;;3",
        "type": "scenario",
        "keyword": "Scenario Outline",
        "steps": [
          {
            "result": {
              "duration": 11015186200,
              "status": "passed"
            },
            "line": 14,
            "name": "on login page \"webdriver.gecko.driver\" and \"C:\\Users\\luzhongk\\Selenium\\WebDriver\\geckodriver.exe\"",
            "match": {
              "arguments": [
                {
                  "val": "webdriver.gecko.driver",
                  "offset": 15
                },
                {
                  "val": "C:\\Users\\luzhongk\\Selenium\\WebDriver\\geckodriver.exe",
                  "offset": 44
                }
              ],
              "location": "LoginSteps.on_login_page(String,String)"
            },
            "matchedColumns": [
              2,
              3
            ],
            "keyword": "Given "
          },
          {
            "result": {
              "duration": 11328100,
              "status": "passed"
            },
            "line": 15,
            "name": "title of the page",
            "match": {
              "location": "LoginSteps.title_of_the_page()"
            },
            "keyword": "When "
          },
          {
            "result": {
              "duration": 33220100,
              "error_message": "org.openqa.selenium.NoSuchElementException: Unable to locate element: *[name\u003d\u0027user_name1\u0027]\nFor documentation on this error, please visit: https://www.seleniumhq.org/exceptions/no_such_element.html\nBuild info: version: \u00273.141.59\u0027, revision: \u0027e82be7d358\u0027, time: \u00272018-11-14T08:17:03\u0027\nSystem info: host: \u0027LBNL11443\u0027, ip: \u0027192.168.2.12\u0027, os.name: \u0027Windows 10\u0027, os.arch: \u0027amd64\u0027, os.version: \u002710.0\u0027, java.version: \u00271.8.0_241\u0027\nDriver info: org.openqa.selenium.firefox.FirefoxDriver\nCapabilities {acceptInsecureCerts: true, browserName: firefox, browserVersion: 81.0, javascriptEnabled: true, moz:accessibilityChecks: false, moz:buildID: 20200917005511, moz:geckodriverVersion: 0.27.0, moz:headless: false, moz:processID: 109944, moz:profile: C:\\Windows\\Temp\\rust_mozpro..., moz:shutdownTimeout: 60000, moz:useNonSpecCompliantPointerOrigin: false, moz:webdriverClick: true, pageLoadStrategy: normal, platform: WINDOWS, platformName: WINDOWS, platformVersion: 10.0, rotatable: false, setWindowRect: true, strictFileInteractability: false, timeouts: {implicit: 0, pageLoad: 300000, script: 30000}, unhandledPromptBehavior: dismiss and notify}\nSession ID: 0fb17d54-e1d8-4f01-a369-7e232dce177c\n*** Element info: {Using\u003dname, value\u003duser_name1}\r\n\tat sun.reflect.NativeConstructorAccessorImpl.newInstance0(Native Method)\r\n\tat sun.reflect.NativeConstructorAccessorImpl.newInstance(NativeConstructorAccessorImpl.java:62)\r\n\tat sun.reflect.DelegatingConstructorAccessorImpl.newInstance(DelegatingConstructorAccessorImpl.java:45)\r\n\tat java.lang.reflect.Constructor.newInstance(Constructor.java:423)\r\n\tat org.openqa.selenium.remote.http.W3CHttpResponseCodec.createException(W3CHttpResponseCodec.java:187)\r\n\tat org.openqa.selenium.remote.http.W3CHttpResponseCodec.decode(W3CHttpResponseCodec.java:122)\r\n\tat org.openqa.selenium.remote.http.W3CHttpResponseCodec.decode(W3CHttpResponseCodec.java:49)\r\n\tat org.openqa.selenium.remote.HttpCommandExecutor.execute(HttpCommandExecutor.java:158)\r\n\tat org.openqa.selenium.remote.service.DriverCommandExecutor.execute(DriverCommandExecutor.java:83)\r\n\tat org.openqa.selenium.remote.RemoteWebDriver.execute(RemoteWebDriver.java:552)\r\n\tat org.openqa.selenium.remote.RemoteWebDriver.findElement(RemoteWebDriver.java:323)\r\n\tat org.openqa.selenium.remote.RemoteWebDriver.findElementByName(RemoteWebDriver.java:404)\r\n\tat org.openqa.selenium.By$ByName.findElement(By.java:284)\r\n\tat org.openqa.selenium.remote.RemoteWebDriver.findElement(RemoteWebDriver.java:315)\r\n\tat Component.Component.username(Component.java:97)\r\n\tat LoginSteps_Outline.LoginSteps.enter_username_and_password(LoginSteps.java:38)\r\n\tat ✽.Then enter \"will1\" and \"will\"(login.feature:16)\r\n",
              "status": "failed"
            },
            "line": 16,
            "name": "enter \"will1\" and \"will\"",
            "match": {
              "arguments": [
                {
                  "val": "will1",
                  "offset": 7
                },
                {
                  "val": "will",
                  "offset": 19
                }
              ],
              "location": "LoginSteps.enter_username_and_password(String,String)"
            },
            "matchedColumns": [
              0,
              1
            ],
            "keyword": "Then "
          },
          {
            "result": {
              "status": "skipped"
            },
            "line": 17,
            "name": "home page validate",
            "match": {
              "location": "LoginSteps.home_page_validate()"
            },
            "keyword": "Then "
          },
          {
            "result": {
              "status": "skipped"
            },
            "line": 18,
            "name": "logout home page",
            "match": {
              "location": "LoginSteps.logout_home_page()"
            },
            "keyword": "Then "
          }
        ]
      },
      {
        "line": 24,
        "name": "Free CRM3 Login Test Scenario",
        "description": "",
        "id": "free-crm2-login-feature;free-crm3-login-test-scenario;;4",
        "type": "scenario",
        "keyword": "Scenario Outline",
        "steps": [
          {
            "result": {
              "duration": 11200674000,
              "status": "passed"
            },
            "line": 14,
            "name": "on login page \"webdriver.edge.driver\" and \"C:\\Users\\luzhongk\\Selenium\\WebDriver\\msedgedriver.exe\"",
            "match": {
              "arguments": [
                {
                  "val": "webdriver.edge.driver",
                  "offset": 15
                },
                {
                  "val": "C:\\Users\\luzhongk\\Selenium\\WebDriver\\msedgedriver.exe",
                  "offset": 43
                }
              ],
              "location": "LoginSteps.on_login_page(String,String)"
            },
            "matchedColumns": [
              2,
              3
            ],
            "keyword": "Given "
          },
          {
            "result": {
              "duration": 68635000,
              "status": "passed"
            },
            "line": 15,
            "name": "title of the page",
            "match": {
              "location": "LoginSteps.title_of_the_page()"
            },
            "keyword": "When "
          },
          {
            "result": {
              "duration": 73022100,
              "error_message": "org.openqa.selenium.NoSuchElementException: no such element: Unable to locate element: {\"method\":\"css selector\",\"selector\":\"*[name\u003d\u0027user_name1\u0027]\"}\n  (Session info: MicrosoftEdge\u003d85.0.564.63)\nFor documentation on this error, please visit: https://www.seleniumhq.org/exceptions/no_such_element.html\nBuild info: version: \u00273.141.59\u0027, revision: \u0027e82be7d358\u0027, time: \u00272018-11-14T08:17:03\u0027\nSystem info: host: \u0027LBNL11443\u0027, ip: \u0027192.168.2.12\u0027, os.name: \u0027Windows 10\u0027, os.arch: \u0027amd64\u0027, os.version: \u002710.0\u0027, java.version: \u00271.8.0_241\u0027\nDriver info: org.openqa.selenium.edge.EdgeDriver\nCapabilities {acceptInsecureCerts: false, browserName: msedge, browserVersion: 85.0.564.63, javascriptEnabled: true, ms:edgeOptions: {debuggerAddress: localhost:6552}, msedge: {msedgedriverVersion: 85.0.564.63 (54dee5e1d729e4..., userDataDir: C:\\WINDOWS\\TEMP\\scoped_dir1...}, networkConnectionEnabled: false, pageLoadStrategy: normal, platform: WINDOWS, platformName: WINDOWS, proxy: Proxy(), setWindowRect: true, strictFileInteractability: false, timeouts: {implicit: 0, pageLoad: 300000, script: 30000}, unhandledPromptBehavior: dismiss and notify, webauthn:virtualAuthenticators: true}\nSession ID: 3cb2b99fbf1ba7de652379f6d4de5da9\n*** Element info: {Using\u003dname, value\u003duser_name1}\r\n\tat sun.reflect.NativeConstructorAccessorImpl.newInstance0(Native Method)\r\n\tat sun.reflect.NativeConstructorAccessorImpl.newInstance(NativeConstructorAccessorImpl.java:62)\r\n\tat sun.reflect.DelegatingConstructorAccessorImpl.newInstance(DelegatingConstructorAccessorImpl.java:45)\r\n\tat java.lang.reflect.Constructor.newInstance(Constructor.java:423)\r\n\tat org.openqa.selenium.remote.http.W3CHttpResponseCodec.createException(W3CHttpResponseCodec.java:187)\r\n\tat org.openqa.selenium.remote.http.W3CHttpResponseCodec.decode(W3CHttpResponseCodec.java:122)\r\n\tat org.openqa.selenium.remote.http.W3CHttpResponseCodec.decode(W3CHttpResponseCodec.java:49)\r\n\tat org.openqa.selenium.remote.HttpCommandExecutor.execute(HttpCommandExecutor.java:158)\r\n\tat org.openqa.selenium.remote.service.DriverCommandExecutor.execute(DriverCommandExecutor.java:83)\r\n\tat org.openqa.selenium.remote.RemoteWebDriver.execute(RemoteWebDriver.java:552)\r\n\tat org.openqa.selenium.remote.RemoteWebDriver.findElement(RemoteWebDriver.java:323)\r\n\tat org.openqa.selenium.remote.RemoteWebDriver.findElementByName(RemoteWebDriver.java:404)\r\n\tat org.openqa.selenium.By$ByName.findElement(By.java:284)\r\n\tat org.openqa.selenium.remote.RemoteWebDriver.findElement(RemoteWebDriver.java:315)\r\n\tat Component.Component.username(Component.java:97)\r\n\tat LoginSteps_Outline.LoginSteps.enter_username_and_password(LoginSteps.java:38)\r\n\tat ✽.Then enter \"will\" and \"will\"(login.feature:16)\r\n",
              "status": "failed"
            },
            "line": 16,
            "name": "enter \"will\" and \"will\"",
            "match": {
              "arguments": [
                {
                  "val": "will",
                  "offset": 7
                },
                {
                  "val": "will",
                  "offset": 18
                }
              ],
              "location": "LoginSteps.enter_username_and_password(String,String)"
            },
            "matchedColumns": [
              0,
              1
            ],
            "keyword": "Then "
          },
          {
            "result": {
              "status": "skipped"
            },
            "line": 17,
            "name": "home page validate",
            "match": {
              "location": "LoginSteps.home_page_validate()"
            },
            "keyword": "Then "
          },
          {
            "result": {
              "status": "skipped"
            },
            "line": 18,
            "name": "logout home page",
            "match": {
              "location": "LoginSteps.logout_home_page()"
            },
            "keyword": "Then "
          }
        ]
      },
      {
        "line": 25,
        "name": "Free CRM3 Login Test Scenario",
        "description": "",
        "id": "free-crm2-login-feature;free-crm3-login-test-scenario;;5",
        "type": "scenario",
        "keyword": "Scenario Outline",
        "steps": [
          {
            "result": {
              "duration": 7864078200,
              "status": "passed"
            },
            "line": 14,
            "name": "on login page \"webdriver.ie.driver\" and \"C:\\Users\\luzhongk\\Selenium\\WebDriver\\IEDriverServer64.exe\"",
            "match": {
              "arguments": [
                {
                  "val": "webdriver.ie.driver",
                  "offset": 15
                },
                {
                  "val": "C:\\Users\\luzhongk\\Selenium\\WebDriver\\IEDriverServer64.exe",
                  "offset": 41
                }
              ],
              "location": "LoginSteps.on_login_page(String,String)"
            },
            "matchedColumns": [
              2,
              3
            ],
            "keyword": "Given "
          },
          {
            "result": {
              "duration": 52378600,
              "status": "passed"
            },
            "line": 15,
            "name": "title of the page",
            "match": {
              "location": "LoginSteps.title_of_the_page()"
            },
            "keyword": "When "
          },
          {
            "result": {
              "duration": 573519000,
              "error_message": "org.openqa.selenium.NoSuchElementException: Unable to find element with css selector \u003d\u003d *[name\u003d\u0027user_name1\u0027]\nFor documentation on this error, please visit: https://www.seleniumhq.org/exceptions/no_such_element.html\nBuild info: version: \u00273.141.59\u0027, revision: \u0027e82be7d358\u0027, time: \u00272018-11-14T08:17:03\u0027\nSystem info: host: \u0027LBNL11443\u0027, ip: \u0027192.168.2.12\u0027, os.name: \u0027Windows 10\u0027, os.arch: \u0027amd64\u0027, os.version: \u002710.0\u0027, java.version: \u00271.8.0_241\u0027\nDriver info: org.openqa.selenium.ie.InternetExplorerDriver\nCapabilities {acceptInsecureCerts: false, browserName: internet explorer, browserVersion: 11, javascriptEnabled: true, pageLoadStrategy: normal, platform: WINDOWS, platformName: WINDOWS, proxy: Proxy(), se:ieOptions: {browserAttachTimeout: 0, elementScrollBehavior: 0, enablePersistentHover: true, ie.browserCommandLineSwitches: , ie.edgechromium: false, ie.edgepath: , ie.ensureCleanSession: false, ie.fileUploadDialogTimeout: 3000, ie.forceCreateProcessApi: false, ignoreProtectedModeSettings: false, ignoreZoomSetting: false, initialBrowserUrl: http://localhost:34680/, nativeEvents: true, requireWindowFocus: false}, setWindowRect: true, strictFileInteractability: false, timeouts: {implicit: 0, pageLoad: 300000, script: 30000}, unhandledPromptBehavior: dismiss and notify}\nSession ID: 4e8cdd3c-8e92-4c51-9923-132f3ba7d019\n*** Element info: {Using\u003dname, value\u003duser_name1}\r\n\tat sun.reflect.NativeConstructorAccessorImpl.newInstance0(Native Method)\r\n\tat sun.reflect.NativeConstructorAccessorImpl.newInstance(NativeConstructorAccessorImpl.java:62)\r\n\tat sun.reflect.DelegatingConstructorAccessorImpl.newInstance(DelegatingConstructorAccessorImpl.java:45)\r\n\tat java.lang.reflect.Constructor.newInstance(Constructor.java:423)\r\n\tat org.openqa.selenium.remote.http.W3CHttpResponseCodec.createException(W3CHttpResponseCodec.java:187)\r\n\tat org.openqa.selenium.remote.http.W3CHttpResponseCodec.decode(W3CHttpResponseCodec.java:122)\r\n\tat org.openqa.selenium.remote.http.W3CHttpResponseCodec.decode(W3CHttpResponseCodec.java:49)\r\n\tat org.openqa.selenium.remote.HttpCommandExecutor.execute(HttpCommandExecutor.java:158)\r\n\tat org.openqa.selenium.remote.service.DriverCommandExecutor.execute(DriverCommandExecutor.java:83)\r\n\tat org.openqa.selenium.remote.RemoteWebDriver.execute(RemoteWebDriver.java:552)\r\n\tat org.openqa.selenium.remote.RemoteWebDriver.findElement(RemoteWebDriver.java:323)\r\n\tat org.openqa.selenium.remote.RemoteWebDriver.findElementByName(RemoteWebDriver.java:404)\r\n\tat org.openqa.selenium.By$ByName.findElement(By.java:284)\r\n\tat org.openqa.selenium.remote.RemoteWebDriver.findElement(RemoteWebDriver.java:315)\r\n\tat Component.Component.username(Component.java:97)\r\n\tat LoginSteps_Outline.LoginSteps.enter_username_and_password(LoginSteps.java:38)\r\n\tat ✽.Then enter \"will\" and \"will\"(login.feature:16)\r\n",
              "status": "failed"
            },
            "line": 16,
            "name": "enter \"will\" and \"will\"",
            "match": {
              "arguments": [
                {
                  "val": "will",
                  "offset": 7
                },
                {
                  "val": "will",
                  "offset": 18
                }
              ],
              "location": "LoginSteps.enter_username_and_password(String,String)"
            },
            "matchedColumns": [
              0,
              1
            ],
            "keyword": "Then "
          },
          {
            "result": {
              "status": "skipped"
            },
            "line": 17,
            "name": "home page validate",
            "match": {
              "location": "LoginSteps.home_page_validate()"
            },
            "keyword": "Then "
          },
          {
            "result": {
              "status": "skipped"
            },
            "line": 18,
            "name": "logout home page",
            "match": {
              "location": "LoginSteps.logout_home_page()"
            },
            "keyword": "Then "
          }
        ]
      }
    ],
    "name": "Free CRM2 Login Feature",
    "description": "",
    "id": "free-crm2-login-feature",
    "keyword": "Feature",
    "uri": "login.feature"
  }
]