<?xml version="1.0" encoding="UTF-8" standalone="no"?>
<testsuite failures="2" name="cucumber.runtime.formatter.JUnitFormatter" skipped="0" tests="4" time="136.386124">
<testcase classname="Free CRM2 Login Feature" name="Free CRM3 Login Test Scenario" time="16.717815">
<failure message="java.lang.AssertionError&#13;&#10;&#9;at org.junit.Assert.fail(Assert.java:86)&#13;&#10;&#9;at org.junit.Assert.assertTrue(Assert.java:41)&#13;&#10;&#9;at org.junit.Assert.assertTrue(Assert.java:52)&#13;&#10;&#9;at LoginSteps_Outline.LoginSteps.home_page_validate(LoginSteps.java:56)&#13;&#10;&#9;at ✽.Then home page validate(login.feature:17)&#13;&#10;"><![CDATA[Given on login page "webdriver.chrome.driver" and "C:\Users\luzhongk\Selenium\WebDriver\chromedriver.exe".passed
When title of the page......................................................passed
Then enter "will1" and "will"...............................................passed
Then home page validate.....................................................failed
Then logout home page.......................................................skipped

StackTrace:
java.lang.AssertionError
	at org.junit.Assert.fail(Assert.java:86)
	at org.junit.Assert.assertTrue(Assert.java:41)
	at org.junit.Assert.assertTrue(Assert.java:52)
	at LoginSteps_Outline.LoginSteps.home_page_validate(LoginSteps.java:56)
	at ✽.Then home page validate(login.feature:17)
]]></failure>
</testcase>
<testcase classname="Free CRM2 Login Feature" name="Free CRM3 Login Test Scenario 2" time="16.113618">
<failure message="java.lang.AssertionError&#13;&#10;&#9;at org.junit.Assert.fail(Assert.java:86)&#13;&#10;&#9;at org.junit.Assert.assertTrue(Assert.java:41)&#13;&#10;&#9;at org.junit.Assert.assertTrue(Assert.java:52)&#13;&#10;&#9;at LoginSteps_Outline.LoginSteps.home_page_validate(LoginSteps.java:56)&#13;&#10;&#9;at ✽.Then home page validate(login.feature:17)&#13;&#10;"><![CDATA[Given on login page "webdriver.gecko.driver" and "C:\Users\luzhongk\Selenium\WebDriver\geckodriver.exe".passed
When title of the page......................................................passed
Then enter "will1" and "will"...............................................passed
Then home page validate.....................................................failed
Then logout home page.......................................................skipped

StackTrace:
java.lang.AssertionError
	at org.junit.Assert.fail(Assert.java:86)
	at org.junit.Assert.assertTrue(Assert.java:41)
	at org.junit.Assert.assertTrue(Assert.java:52)
	at LoginSteps_Outline.LoginSteps.home_page_validate(LoginSteps.java:56)
	at ✽.Then home page validate(login.feature:17)
]]></failure>
</testcase>
<testcase classname="Free CRM2 Login Feature" name="Free CRM3 Login Test Scenario 3" time="31.785981">
<system-out><![CDATA[Given on login page "webdriver.edge.driver" and "C:\Users\luzhongk\Selenium\WebDriver\msedgedriver.exe".passed
When title of the page......................................................passed
Then enter "will" and "will"................................................passed
Then home page validate.....................................................passed
Then logout home page.......................................................passed
]]></system-out>
</testcase>
<testcase classname="Free CRM2 Login Feature" name="Free CRM3 Login Test Scenario 4" time="71.76871">
<system-out><![CDATA[Given on login page "webdriver.ie.driver" and "C:\Users\luzhongk\Selenium\WebDriver\IEDriverServer64.exe".passed
When title of the page......................................................passed
Then enter "will" and "will"................................................passed
Then home page validate.....................................................passed
Then logout home page.......................................................passed
]]></system-out>
</testcase>
</testsuite>
